{"/Users/beckman/Documents/Coding/plenar.io-ArrayofThings/socket-server/app/socket_util.js":{"path":"/Users/beckman/Documents/Coding/plenar.io-ArrayofThings/socket-server/app/socket_util.js","s":{"1":1,"2":1,"3":1,"4":1,"5":1,"6":9,"7":9,"8":9,"9":39,"10":19,"11":3,"12":16,"13":16,"14":16,"15":16,"16":16,"17":16,"18":9,"19":6,"20":3,"21":9,"22":1,"23":5,"24":5,"25":5,"26":5,"27":5,"28":5,"29":5,"30":5,"31":1,"32":4,"33":0,"34":5,"35":1,"36":6,"37":6,"38":16,"39":10,"40":6,"41":1,"42":40,"43":40,"44":1,"45":0,"46":1,"47":1,"48":1,"49":1,"50":1},"b":{"1":[19,20],"2":[39,34,29,24],"3":[3,16],"4":[6,3],"5":[1,4],"6":[10,6],"7":[40,22,26,14,21,12]},"f":{"1":9,"2":39,"3":5,"4":5,"5":5,"6":5,"7":5,"8":6,"9":16,"10":40,"11":0},"fnMap":{"1":{"name":"(anonymous_1)","line":15,"loc":{"start":{"line":15,"column":17},"end":{"line":15,"column":35}}},"2":{"name":"(anonymous_2)","line":18,"loc":{"start":{"line":18,"column":27},"end":{"line":18,"column":42}}},"3":{"name":"(anonymous_3)","line":55,"loc":{"start":{"line":55,"column":20},"end":{"line":55,"column":36}}},"4":{"name":"(anonymous_4)","line":56,"loc":{"start":{"line":56,"column":24},"end":{"line":56,"column":51}}},"5":{"name":"(anonymous_5)","line":57,"loc":{"start":{"line":57,"column":41},"end":{"line":57,"column":61}}},"6":{"name":"(anonymous_6)","line":59,"loc":{"start":{"line":59,"column":32},"end":{"line":59,"column":48}}},"7":{"name":"(anonymous_7)","line":62,"loc":{"start":{"line":62,"column":31},"end":{"line":62,"column":43}}},"8":{"name":"(anonymous_8)","line":87,"loc":{"start":{"line":87,"column":23},"end":{"line":87,"column":39}}},"9":{"name":"(anonymous_9)","line":89,"loc":{"start":{"line":89,"column":30},"end":{"line":89,"column":45}}},"10":{"name":"(anonymous_10)","line":103,"loc":{"start":{"line":103,"column":17},"end":{"line":103,"column":43}}},"11":{"name":"(anonymous_11)","line":115,"loc":{"start":{"line":115,"column":22},"end":{"line":115,"column":46}}}},"statementMap":{"1":{"start":{"line":1,"column":0},"end":{"line":1,"column":27}},"2":{"start":{"line":2,"column":0},"end":{"line":2,"column":27}},"3":{"start":{"line":3,"column":0},"end":{"line":3,"column":23}},"4":{"start":{"line":4,"column":0},"end":{"line":4,"column":23}},"5":{"start":{"line":15,"column":0},"end":{"line":47,"column":2}},"6":{"start":{"line":16,"column":4},"end":{"line":16,"column":18}},"7":{"start":{"line":17,"column":4},"end":{"line":17,"column":35}},"8":{"start":{"line":18,"column":4},"end":{"line":35,"column":7}},"9":{"start":{"line":19,"column":8},"end":{"line":34,"column":9}},"10":{"start":{"line":20,"column":12},"end":{"line":33,"column":13}},"11":{"start":{"line":21,"column":16},"end":{"line":21,"column":71}},"12":{"start":{"line":24,"column":16},"end":{"line":32,"column":17}},"13":{"start":{"line":25,"column":20},"end":{"line":25,"column":87}},"14":{"start":{"line":28,"column":20},"end":{"line":28,"column":50}},"15":{"start":{"line":29,"column":20},"end":{"line":29,"column":52}},"16":{"start":{"line":30,"column":20},"end":{"line":30,"column":52}},"17":{"start":{"line":31,"column":20},"end":{"line":31,"column":50}},"18":{"start":{"line":40,"column":4},"end":{"line":45,"column":5}},"19":{"start":{"line":41,"column":8},"end":{"line":41,"column":47}},"20":{"start":{"line":44,"column":8},"end":{"line":44,"column":67}},"21":{"start":{"line":46,"column":4},"end":{"line":46,"column":15}},"22":{"start":{"line":55,"column":0},"end":{"line":80,"column":2}},"23":{"start":{"line":56,"column":4},"end":{"line":78,"column":7}},"24":{"start":{"line":57,"column":8},"end":{"line":77,"column":11}},"25":{"start":{"line":58,"column":12},"end":{"line":58,"column":28}},"26":{"start":{"line":59,"column":12},"end":{"line":61,"column":15}},"27":{"start":{"line":60,"column":16},"end":{"line":60,"column":31}},"28":{"start":{"line":62,"column":12},"end":{"line":76,"column":15}},"29":{"start":{"line":65,"column":16},"end":{"line":75,"column":17}},"30":{"start":{"line":66,"column":20},"end":{"line":71,"column":21}},"31":{"start":{"line":67,"column":24},"end":{"line":67,"column":66}},"32":{"start":{"line":70,"column":24},"end":{"line":70,"column":40}},"33":{"start":{"line":74,"column":20},"end":{"line":74,"column":85}},"34":{"start":{"line":79,"column":4},"end":{"line":79,"column":12}},"35":{"start":{"line":87,"column":0},"end":{"line":95,"column":2}},"36":{"start":{"line":88,"column":4},"end":{"line":88,"column":144}},"37":{"start":{"line":89,"column":4},"end":{"line":93,"column":7}},"38":{"start":{"line":90,"column":8},"end":{"line":92,"column":9}},"39":{"start":{"line":91,"column":12},"end":{"line":91,"column":59}},"40":{"start":{"line":94,"column":4},"end":{"line":94,"column":27}},"41":{"start":{"line":103,"column":0},"end":{"line":108,"column":2}},"42":{"start":{"line":104,"column":4},"end":{"line":104,"column":42}},"43":{"start":{"line":105,"column":4},"end":{"line":107,"column":76}},"44":{"start":{"line":115,"column":0},"end":{"line":122,"column":2}},"45":{"start":{"line":116,"column":4},"end":{"line":121,"column":26}},"46":{"start":{"line":124,"column":0},"end":{"line":124,"column":39}},"47":{"start":{"line":125,"column":0},"end":{"line":125,"column":45}},"48":{"start":{"line":126,"column":0},"end":{"line":126,"column":49}},"49":{"start":{"line":127,"column":0},"end":{"line":127,"column":51}},"50":{"start":{"line":128,"column":0},"end":{"line":128,"column":39}}},"branchMap":{"1":{"line":19,"type":"if","locations":[{"start":{"line":19,"column":8},"end":{"line":19,"column":8}},{"start":{"line":19,"column":8},"end":{"line":19,"column":8}}]},"2":{"line":19,"type":"binary-expr","locations":[{"start":{"line":19,"column":12},"end":{"line":19,"column":24}},{"start":{"line":19,"column":28},"end":{"line":19,"column":40}},{"start":{"line":19,"column":44},"end":{"line":19,"column":54}},{"start":{"line":19,"column":58},"end":{"line":19,"column":76}}]},"3":{"line":20,"type":"if","locations":[{"start":{"line":20,"column":12},"end":{"line":20,"column":12}},{"start":{"line":20,"column":12},"end":{"line":20,"column":12}}]},"4":{"line":40,"type":"if","locations":[{"start":{"line":40,"column":4},"end":{"line":40,"column":4}},{"start":{"line":40,"column":4},"end":{"line":40,"column":4}}]},"5":{"line":66,"type":"if","locations":[{"start":{"line":66,"column":20},"end":{"line":66,"column":20}},{"start":{"line":66,"column":20},"end":{"line":66,"column":20}}]},"6":{"line":90,"type":"if","locations":[{"start":{"line":90,"column":8},"end":{"line":90,"column":8}},{"start":{"line":90,"column":8},"end":{"line":90,"column":8}}]},"7":{"line":105,"type":"binary-expr","locations":[{"start":{"line":105,"column":14},"end":{"line":105,"column":30}},{"start":{"line":105,"column":36},"end":{"line":105,"column":78}},{"start":{"line":106,"column":6},"end":{"line":106,"column":37}},{"start":{"line":106,"column":43},"end":{"line":106,"column":112}},{"start":{"line":107,"column":6},"end":{"line":107,"column":24}},{"start":{"line":107,"column":30},"end":{"line":107,"column":73}}]}}},"/Users/beckman/Documents/Coding/plenar.io-ArrayofThings/socket-server/app/index.js":{"path":"/Users/beckman/Documents/Coding/plenar.io-ArrayofThings/socket-server/app/index.js","s":{"1":1,"2":1,"3":1,"4":1,"5":1,"6":1,"7":1,"8":1,"9":1,"10":6,"11":1,"12":1,"13":1,"14":9,"15":36,"16":14,"17":1,"18":0,"19":0,"20":0,"21":5,"22":5,"23":5,"24":0,"25":0,"26":0,"27":5,"28":5,"29":5,"30":4,"31":1,"32":1,"33":5,"34":1,"35":1,"36":1,"37":1,"38":5,"39":0,"40":5,"41":5,"42":5,"43":0,"44":1,"45":1,"46":0,"47":1,"48":1,"49":1,"50":0,"51":1,"52":1,"53":1,"54":4,"55":4,"56":4,"57":4,"58":0,"59":0,"60":0},"b":{"1":[1,5],"2":[1,0],"3":[14,22],"4":[0,5],"5":[0,5],"6":[0,1],"7":[0,1],"8":[4,0]},"f":{"1":6,"2":9,"3":36,"4":0,"5":4,"6":1,"7":1,"8":1,"9":5,"10":1,"11":4},"fnMap":{"1":{"name":"(anonymous_1)","line":13,"loc":{"start":{"line":13,"column":17},"end":{"line":13,"column":35}}},"2":{"name":"(anonymous_2)","line":19,"loc":{"start":{"line":19,"column":39},"end":{"line":19,"column":55}}},"3":{"name":"(anonymous_3)","line":20,"loc":{"start":{"line":20,"column":43},"end":{"line":20,"column":64}}},"4":{"name":"(anonymous_4)","line":26,"loc":{"start":{"line":26,"column":36},"end":{"line":26,"column":48}}},"5":{"name":"(anonymous_5)","line":46,"loc":{"start":{"line":46,"column":45},"end":{"line":46,"column":57}}},"6":{"name":"(anonymous_6)","line":49,"loc":{"start":{"line":49,"column":11},"end":{"line":49,"column":26}}},"7":{"name":"(anonymous_7)","line":55,"loc":{"start":{"line":55,"column":32},"end":{"line":55,"column":44}}},"8":{"name":"(anonymous_8)","line":61,"loc":{"start":{"line":61,"column":20},"end":{"line":61,"column":32}}},"9":{"name":"increment_room","line":71,"loc":{"start":{"line":71,"column":0},"end":{"line":71,"column":35}}},"10":{"name":"decrement_room","line":90,"loc":{"start":{"line":90,"column":0},"end":{"line":90,"column":35}}},"11":{"name":"join_room","line":111,"loc":{"start":{"line":111,"column":0},"end":{"line":111,"column":38}}}},"statementMap":{"1":{"start":{"line":1,"column":0},"end":{"line":1,"column":27}},"2":{"start":{"line":2,"column":0},"end":{"line":2,"column":33}},"3":{"start":{"line":4,"column":0},"end":{"line":4,"column":43}},"4":{"start":{"line":6,"column":0},"end":{"line":6,"column":20}},"5":{"start":{"line":7,"column":0},"end":{"line":7,"column":36}},"6":{"start":{"line":8,"column":0},"end":{"line":8,"column":38}},"7":{"start":{"line":10,"column":0},"end":{"line":10,"column":15}},"8":{"start":{"line":11,"column":0},"end":{"line":11,"column":21}},"9":{"start":{"line":13,"column":0},"end":{"line":59,"column":3}},"10":{"start":{"line":15,"column":4},"end":{"line":58,"column":5}},"11":{"start":{"line":16,"column":8},"end":{"line":33,"column":9}},"12":{"start":{"line":17,"column":12},"end":{"line":17,"column":46}},"13":{"start":{"line":19,"column":12},"end":{"line":25,"column":15}},"14":{"start":{"line":20,"column":16},"end":{"line":24,"column":19}},"15":{"start":{"line":21,"column":20},"end":{"line":23,"column":21}},"16":{"start":{"line":22,"column":24},"end":{"line":22,"column":60}},"17":{"start":{"line":26,"column":12},"end":{"line":28,"column":15}},"18":{"start":{"line":27,"column":16},"end":{"line":27,"column":52}},"19":{"start":{"line":31,"column":12},"end":{"line":31,"column":66}},"20":{"start":{"line":32,"column":12},"end":{"line":32,"column":31}},"21":{"start":{"line":35,"column":9},"end":{"line":58,"column":5}},"22":{"start":{"line":36,"column":8},"end":{"line":43,"column":9}},"23":{"start":{"line":37,"column":12},"end":{"line":37,"column":53}},"24":{"start":{"line":40,"column":12},"end":{"line":40,"column":89}},"25":{"start":{"line":41,"column":12},"end":{"line":41,"column":32}},"26":{"start":{"line":42,"column":12},"end":{"line":42,"column":23}},"27":{"start":{"line":44,"column":8},"end":{"line":44,"column":45}},"28":{"start":{"line":45,"column":8},"end":{"line":45,"column":34}},"29":{"start":{"line":46,"column":8},"end":{"line":52,"column":11}},"30":{"start":{"line":48,"column":12},"end":{"line":48,"column":41}},"31":{"start":{"line":50,"column":12},"end":{"line":50,"column":47}},"32":{"start":{"line":51,"column":12},"end":{"line":51,"column":31}},"33":{"start":{"line":55,"column":8},"end":{"line":57,"column":11}},"34":{"start":{"line":56,"column":12},"end":{"line":56,"column":38}},"35":{"start":{"line":61,"column":0},"end":{"line":63,"column":3}},"36":{"start":{"line":62,"column":4},"end":{"line":62,"column":68}},"37":{"start":{"line":71,"column":0},"end":{"line":82,"column":1}},"38":{"start":{"line":72,"column":4},"end":{"line":77,"column":5}},"39":{"start":{"line":73,"column":8},"end":{"line":73,"column":27}},"40":{"start":{"line":76,"column":8},"end":{"line":76,"column":29}},"41":{"start":{"line":78,"column":4},"end":{"line":78,"column":19}},"42":{"start":{"line":79,"column":4},"end":{"line":81,"column":5}},"43":{"start":{"line":80,"column":8},"end":{"line":80,"column":50}},"44":{"start":{"line":90,"column":0},"end":{"line":103,"column":1}},"45":{"start":{"line":91,"column":4},"end":{"line":96,"column":5}},"46":{"start":{"line":92,"column":8},"end":{"line":92,"column":27}},"47":{"start":{"line":95,"column":8},"end":{"line":95,"column":32}},"48":{"start":{"line":97,"column":4},"end":{"line":97,"column":19}},"49":{"start":{"line":98,"column":4},"end":{"line":100,"column":5}},"50":{"start":{"line":99,"column":8},"end":{"line":99,"column":50}},"51":{"start":{"line":101,"column":4},"end":{"line":101,"column":31}},"52":{"start":{"line":102,"column":4},"end":{"line":102,"column":23}},"53":{"start":{"line":111,"column":0},"end":{"line":122,"column":1}},"54":{"start":{"line":112,"column":4},"end":{"line":121,"column":5}},"55":{"start":{"line":113,"column":8},"end":{"line":113,"column":31}},"56":{"start":{"line":114,"column":8},"end":{"line":114,"column":35}},"57":{"start":{"line":115,"column":8},"end":{"line":115,"column":27}},"58":{"start":{"line":118,"column":8},"end":{"line":118,"column":94}},"59":{"start":{"line":119,"column":8},"end":{"line":119,"column":28}},"60":{"start":{"line":120,"column":8},"end":{"line":120,"column":60}}},"branchMap":{"1":{"line":15,"type":"if","locations":[{"start":{"line":15,"column":4},"end":{"line":15,"column":4}},{"start":{"line":15,"column":4},"end":{"line":15,"column":4}}]},"2":{"line":16,"type":"if","locations":[{"start":{"line":16,"column":8},"end":{"line":16,"column":8}},{"start":{"line":16,"column":8},"end":{"line":16,"column":8}}]},"3":{"line":21,"type":"if","locations":[{"start":{"line":21,"column":20},"end":{"line":21,"column":20}},{"start":{"line":21,"column":20},"end":{"line":21,"column":20}}]},"4":{"line":72,"type":"if","locations":[{"start":{"line":72,"column":4},"end":{"line":72,"column":4}},{"start":{"line":72,"column":4},"end":{"line":72,"column":4}}]},"5":{"line":79,"type":"if","locations":[{"start":{"line":79,"column":4},"end":{"line":79,"column":4}},{"start":{"line":79,"column":4},"end":{"line":79,"column":4}}]},"6":{"line":91,"type":"if","locations":[{"start":{"line":91,"column":4},"end":{"line":91,"column":4}},{"start":{"line":91,"column":4},"end":{"line":91,"column":4}}]},"7":{"line":98,"type":"if","locations":[{"start":{"line":98,"column":4},"end":{"line":98,"column":4}},{"start":{"line":98,"column":4},"end":{"line":98,"column":4}}]},"8":{"line":112,"type":"if","locations":[{"start":{"line":112,"column":4},"end":{"line":112,"column":4}},{"start":{"line":112,"column":4},"end":{"line":112,"column":4}}]}}}}