TN:
SF:/Users/beckman/Documents/Coding/plenar.io-ArrayofThings/socket-server/app/socket_util.js
FN:15,(anonymous_1)
FN:18,(anonymous_2)
FN:55,(anonymous_3)
FN:56,(anonymous_4)
FN:57,(anonymous_5)
FN:59,(anonymous_6)
FN:62,(anonymous_7)
FN:87,(anonymous_8)
FN:89,(anonymous_9)
FN:103,(anonymous_10)
FN:115,(anonymous_11)
FNF:11
FNH:10
FNDA:9,(anonymous_1)
FNDA:39,(anonymous_2)
FNDA:5,(anonymous_3)
FNDA:5,(anonymous_4)
FNDA:5,(anonymous_5)
FNDA:5,(anonymous_6)
FNDA:5,(anonymous_7)
FNDA:6,(anonymous_8)
FNDA:16,(anonymous_9)
FNDA:40,(anonymous_10)
FNDA:0,(anonymous_11)
DA:1,1
DA:2,1
DA:3,1
DA:4,1
DA:15,1
DA:16,9
DA:17,9
DA:18,9
DA:19,39
DA:20,19
DA:21,3
DA:24,16
DA:25,16
DA:28,16
DA:29,16
DA:30,16
DA:31,16
DA:40,9
DA:41,6
DA:44,3
DA:46,9
DA:55,1
DA:56,5
DA:57,5
DA:58,5
DA:59,5
DA:60,5
DA:62,5
DA:65,5
DA:66,5
DA:67,1
DA:70,4
DA:74,0
DA:79,5
DA:87,1
DA:88,6
DA:89,6
DA:90,16
DA:91,10
DA:94,6
DA:103,1
DA:104,40
DA:105,40
DA:115,1
DA:116,0
DA:124,1
DA:125,1
DA:126,1
DA:127,1
DA:128,1
LF:50
LH:48
BRDA:19,1,0,19
BRDA:19,1,1,20
BRDA:19,2,0,39
BRDA:19,2,1,34
BRDA:19,2,2,29
BRDA:19,2,3,24
BRDA:20,3,0,3
BRDA:20,3,1,16
BRDA:40,4,0,6
BRDA:40,4,1,3
BRDA:66,5,0,1
BRDA:66,5,1,4
BRDA:90,6,0,10
BRDA:90,6,1,6
BRDA:105,7,0,40
BRDA:105,7,1,22
BRDA:105,7,2,26
BRDA:105,7,3,14
BRDA:105,7,4,21
BRDA:105,7,5,12
BRF:20
BRH:20
end_of_record
TN:
SF:/Users/beckman/Documents/Coding/plenar.io-ArrayofThings/socket-server/app/index.js
FN:13,(anonymous_1)
FN:19,(anonymous_2)
FN:20,(anonymous_3)
FN:26,(anonymous_4)
FN:46,(anonymous_5)
FN:49,(anonymous_6)
FN:55,(anonymous_7)
FN:61,(anonymous_8)
FN:71,increment_room
FN:90,decrement_room
FN:111,join_room
FNF:11
FNH:10
FNDA:6,(anonymous_1)
FNDA:9,(anonymous_2)
FNDA:36,(anonymous_3)
FNDA:0,(anonymous_4)
FNDA:4,(anonymous_5)
FNDA:1,(anonymous_6)
FNDA:1,(anonymous_7)
FNDA:1,(anonymous_8)
FNDA:5,increment_room
FNDA:1,decrement_room
FNDA:4,join_room
DA:1,1
DA:2,1
DA:4,1
DA:6,1
DA:7,1
DA:8,1
DA:10,1
DA:11,1
DA:13,1
DA:15,6
DA:16,1
DA:17,1
DA:19,1
DA:20,9
DA:21,36
DA:22,14
DA:26,1
DA:27,0
DA:31,0
DA:32,0
DA:35,5
DA:36,5
DA:37,5
DA:40,0
DA:41,0
DA:42,0
DA:44,5
DA:45,5
DA:46,5
DA:48,4
DA:50,1
DA:51,1
DA:55,5
DA:56,1
DA:61,1
DA:62,1
DA:71,1
DA:72,5
DA:73,0
DA:76,5
DA:78,5
DA:79,5
DA:80,0
DA:90,1
DA:91,1
DA:92,0
DA:95,1
DA:97,1
DA:98,1
DA:99,0
DA:101,1
DA:102,1
DA:111,1
DA:112,4
DA:113,4
DA:114,4
DA:115,4
DA:118,0
DA:119,0
DA:120,0
LF:60
LH:47
BRDA:15,1,0,1
BRDA:15,1,1,5
BRDA:16,2,0,1
BRDA:16,2,1,0
BRDA:21,3,0,14
BRDA:21,3,1,22
BRDA:72,4,0,0
BRDA:72,4,1,5
BRDA:79,5,0,0
BRDA:79,5,1,5
BRDA:91,6,0,0
BRDA:91,6,1,1
BRDA:98,7,0,0
BRDA:98,7,1,1
BRDA:112,8,0,4
BRDA:112,8,1,0
BRF:16
BRH:10
end_of_record
